SF:lib/features/shares/data/datasources/shares_data_source_impl.dart
DA:9,1
DA:14,1
DA:16,2
DA:17,1
DA:18,1
DA:24,2
DA:25,2
DA:27,1
DA:30,0
LF:9
LH:8
end_of_record
SF:lib/features/shares/domain/models/shares.dart
DA:8,0
DA:17,0
DA:18,0
DA:19,0
DA:20,0
DA:21,0
DA:22,0
DA:23,0
DA:27,0
DA:28,0
DA:29,0
DA:30,0
DA:31,0
DA:32,0
DA:33,0
DA:43,3
DA:50,1
DA:51,1
DA:52,1
DA:53,1
DA:54,1
DA:59,0
DA:60,0
DA:61,0
DA:62,0
DA:63,0
LF:26
LH:6
end_of_record
SF:lib/features/shares/domain/usecases/get_shares.dart
DA:7,1
DA:9,1
DA:10,2
LF:3
LH:3
end_of_record
SF:lib/features/shares/data/repositories/share_repository_impl.dart
DA:8,1
DA:9,1
DA:11,2
LF:3
LH:3
end_of_record
